[27.04.2020 00:38:42.084] Add procedure SendRequestLogin to queue[0]
[27.04.2020 00:38:42.089] Execute login
[27.04.2020 00:38:42.093] connecting... to 185.27.192.156:8765
[27.04.2020 00:38:42.239] client connected
[27.04.2020 00:38:42.286] c2 U338 *
[27.04.2020 00:38:42.293] CheckPW U338 hoome@users.dev ****** ipa
[27.04.2020 00:38:42.357] _StartClient U338 ipaXxxcysqYby96jbpVHdFte0uaSHYWc11 1 6 
[27.04.2020 00:39:35.821] Add procedure SendRequestActiveOffer to queue[0]
[27.04.2020 00:39:35.829] Execute request active offers list
[27.04.2020 00:39:35.832] GetActiveOffers U338 ipaXxxcysqYby96jbpVHdFte0uaSHYWc11
[27.04.2020 00:39:35.835] Add procedure SendRequestPairsSummary to queue[1]
[27.04.2020 00:39:35.840] Add procedure SendRequestActiveOffer to queue[2]
[27.04.2020 00:39:35.935] _GetActiveOffers U338 * <1 36 4 1 4 1 0,0021 100 100 1587847463 1587847463 1589490000> <1 1 4 1 4 1 0,00237 8 8 1587794379 1587794379 1589490000> <1 2 4 1 4 1 0,0024 7 7 1587794388 1587794388 1589490000> <1 3 4 2 4 1 0,0034 20 20 1587794401 1587794401 1589490000> <1 4 4 2 4 1 0,0032 10 10 1587794409 1587794409 1589490000> <1 5 4 2 4 1 0,0032 10 10 1587794410 1587794410 1589490000> <1 6 4 2 4 1 0,00391 60 60 1587794425 1587794425 1589490000> <1 7 4 2 4 1 0,00389 43 43 1587794438 1587794438 1589490000> <1 8 4 1 4 1 0,00234 23 23 1587794459 1587794459 1589490000> <1 12 4 1 4 1 0,00233 27 27 1587796029 1587796029 1589490000> <1 13 4 1 4 1 0,0029 34 34 1587796088 1587796088 1589490000> <1 11 4 1 4 1 0,00234 27 27 1587794465 1587794465 1589490000> <1 14 4 1 4 1 0,003 5 5 1587796119 1587796119 1589490000> <1 15 4 1 4 1 0,00292 14 14 1587796136 1587796136 1589490000> <1 16 4 1 4 2 0,00234 20 20 1587807190 1587807190 1589560397> <1 17 4 1 4 2 0,00324 20 20 1587807459 1587807459 1589560665> <1 18 4 2 4 2 0,00441 40 40 1587807508 1587807508 1589560714> <1 19 4 2 4 2 0,00443 42 42 1587807518 1587807518 1589560724> <1 40 4 2 4 1 0,00681 13 13 1587858769 1587858769 1589583176> <1 41 4 2 4 1 0,00681 13 13 1587858771 1587858771 1589583178> <1 42 4 2 4 1 0,00681 13 13 1587858774 1587858774 1589583181> <1 43 4 2 4 1 0,00681 13 13 1587858774 1587858774 1589583181> <1 44 4 2 4 1 0,00681 13 13 1587858775 1587858775 1589583181> <1 45 4 2 4 1 0,00681 13 13 1587858775 1587858775 1589583182> <1 46 4 2 4 1 0,00681 13 13 1587858775 1587858775 1589583182> <1 47 4 2 4 1 0,00681 13 13 1587858775 1587858775 1589583182> <1 48 4 2 4 1 0,00681 13 13 1587858775 1587858775 1589583182> <1 49 4 2 4 1 0,00681 13 13 1587858776 1587858776 1589583182> <1 50 4 2 4 1 0,0003 1 1 1587860518 1587860518 1589576400> <1 51 4 2 4 1 0,0003 1 1 1587860557 1587860557 1589576400> <1 52 4 2 4 1 0,0003 1 1 1587860558 1587860558 1589576400> <1 53 4 2 4 1 0,0003 1 1 1587861064 1587861064 1589576400> <1 54 4 2 4 1 0,0003 1 1 1587861070 1587861070 1589576400> <1 55 4 2 4 1 0,0003 1 1 1587861072 1587861072 1589576400> <1 56 4 2 4 1 0,00681 13 13 1587861727 1587861727 1589586133> <1 57 4 2 4 1 0,00681 13 13 1587861727 1587861727 1589586134> <1 58 4 2 4 1 0,00681 13 13 1587861727 1587861727 1589586134> <1 59 4 2 4 1 0,00681 13 13 1587861728 1587861728 1589586135> <1 60 4 2 4 1 0,00681 13 13 1587861728 1587861728 1589586135> <1 61 4 2 4 1 0,00681 13 13 1587861728 1587861728 1589586135> <1 62 4 2 4 1 0,00681 13 13 1587861728 1587861728 1589586135> <1 63 4 2 4 1 0,00681 13 13 1587861729 1587861729 1589586136> <1 64 4 2 4 1 0,00681 13 13 1587863080 1587863080 1589587487> <1 65 4 2 4 1 0,00681 13 13 1587863081 1587863081 1589587487> <1 66 4 2 4 1 0,00681 13 13 1587863081 1587863081 1589587487> <1 67 4 2 4 1 0,00681 13 13 1587863081 1587863081 1589587488> <1 68 4 2 4 1 0,00681 13 13 1587863081 1587863081 1589587488> <1 69 4 2 4 1 0,00681 13 13 1587864937 1587864937 1589589343> <1 70 4 2 4 1 0,00681 13 13 1587864937 1587864937 1589589344> <1 71 4 2 4 1 0,00681 13 13 1587865112 1587865112 1589589516> <1 72 4 2 4 1 0,00681 13 13 1587865112 1587865112 1589589516> <1 73 4 2 4 1 0,00681 13 13 1587865113 1587865113 1589589516> <1 74 4 2 4 1 0,00681 13 13 1587865113 1587865113 1589589517> <1 75 4 2 4 1 0,00681 13 13 1587865118 1587865118 1589589520> <1 76 4 2 4 1 0,00681 13 13 1587865118 1587865118 1589589520> <1 77 4 2 4 1 0,00681 13 13 1587865119 1587865119 1589589521> <1 78 4 2 4 1 0,00681 13 13 1587865120 1587865120 1589589522> <1 79 4 2 4 1 0,00681 13 13 1587865121 1587865121 1589589522> <1 80 4 2 4 1 0,00681 13 13 1587865121 1587865121 1589589522> <1 81 4 2 4 1 0,00681 13 13 1587865121 1587865121 1589589523> <1 82 4 2 4 1 0,00681 13 13 1587865121 1587865121 1589589523> <1 83 4 2 4 1 0,00681 13 13 1587865121 1587865121 1589589524> <1 84 4 2 4 1 0,00681 13 13 1587865123 1587865123 1589589526> <1 85 4 2 4 1 0,00681 13 13 1587865124 1587865124 1589589527> <1 86 4 2 4 1 0,00681 13 13 1587865124 1587865124 1589589527> <1 87 4 2 4 1 0,00681 13 13 1587865124 1587865124 1589589527> <1 88 4 2 4 1 0,00681 13 13 1587865124 1587865124 1589589528> <1 89 4 2 4 1 0,00681 13 13 1587865125 1587865125 1589589528> <1 90 4 2 4 1 0,00681 13 13 1587865152 1587865152 1589589548> <1 91 4 2 4 1 0,00681 13 13 1587865152 1587865152 1589589549> <1 92 4 2 4 1 0,00681 13 13 1587865154 1587865154 1589589550> <1 93 4 2 4 1 0,00681 13 13 1587865154 1587865154 1589589550> <1 94 4 2 4 1 0,00681 13 13 1587865154 1587865154 1589589550> <1 95 4 2 4 1 0,00681 13 13 1587865154 1587865154 1589589551> <1 96 4 2 4 1 0,00681 13 13 1587865155 1587865155 1589589551> <1 97 4 2 4 1 0,00681 13 13 1587865155 1587865155 1589589551> <1 98 4 2 4 1 0,00681 13 13 1587865155 1587865155 1589589552> <1 99 4 2 4 1 0,00681 13 13 1587865155 1587865155 1589589552> <1 100 4 2 4 1 0,00681 13 13 1587865158 1587865158 1589589553> <1 101 4 2 4 1 0,00681 13 13 1587865158 1587865158 1589589553> <1 102 4 2 4 1 0,00681 13 13 1587865158 1587865158 1589589553> <1 103 4 2 4 1 0,00681 13 13 1587865159 1587865159 1589589554> <1 104 4 2 4 1 0,00681 13 13 1587865167 1587865167 1589589573> <1 105 4 2 4 1 0,00681 13 13 1587866952 1587866952 1589591358> <1 106 4 2 4 1 0,00681 13 13 1587866954 1587866954 1589591360> <1 107 4 2 4 1 0,00681 13 13 1587866954 1587866954 1589591361> <1 108 4 2 4 1 0,00681 13 13 1587866955 1587866955 1589591361> <1 109 4 2 4 1 0,00329 2 2 1587868310 1587868310 1589576400> <1 110 4 2 4 1 0,00329 2 2 1587868378 1587868378 1589576400> <1 111 4 2 4 1 0,00329 2 2 1587868379 1587868379 1589576400> <1 112 4 2 4 1 0,00329 2 2 1587868379 1587868379 1589576400> <1 125 4 1 4 1 0,0002 2 2 1587938768 1587938768 1589663176> <1 126 4 1 4 1 0,0002 2 2 1587938792 1587938792 1589663200> <1 127 4 2 4 1 0,0002 1 1 1587939580 1587939580 1589663988>
[27.04.2020 00:39:36.001] Execute request pairs summary list
[27.04.2020 00:39:36.006] GetPairsSummary U338 ipaXxxcysqYby96jbpVHdFte0uaSHYWc11
[27.04.2020 00:39:36.071] _GetPairsSummary U338 * <2 1 1 1 1 1587939792 0 0 1 1> <3 1 10 35 10 1587920189 0 0 2 6> <4 1 0,0002 1226 1 1587939580 0 0 76 90> <4 2 0,00443 122 42 1587807518 0 0 0 4>
[27.04.2020 00:39:36.080] Execute request active offers list
[27.04.2020 00:39:36.084] GetActiveOffers U338 ipaXxxcysqYby96jbpVHdFte0uaSHYWc11
[27.04.2020 00:39:36.171] _GetActiveOffers U338 * <1 36 4 1 4 1 0,0021 100 100 1587847463 1587847463 1589490000> <1 1 4 1 4 1 0,00237 8 8 1587794379 1587794379 1589490000> <1 2 4 1 4 1 0,0024 7 7 1587794388 1587794388 1589490000> <1 3 4 2 4 1 0,0034 20 20 1587794401 1587794401 1589490000> <1 4 4 2 4 1 0,0032 10 10 1587794409 1587794409 1589490000> <1 5 4 2 4 1 0,0032 10 10 1587794410 1587794410 1589490000> <1 6 4 2 4 1 0,00391 60 60 1587794425 1587794425 1589490000> <1 7 4 2 4 1 0,00389 43 43 1587794438 1587794438 1589490000> <1 8 4 1 4 1 0,00234 23 23 1587794459 1587794459 1589490000> <1 12 4 1 4 1 0,00233 27 27 1587796029 1587796029 1589490000> <1 13 4 1 4 1 0,0029 34 34 1587796088 1587796088 1589490000> <1 11 4 1 4 1 0,00234 27 27 1587794465 1587794465 1589490000> <1 14 4 1 4 1 0,003 5 5 1587796119 1587796119 1589490000> <1 15 4 1 4 1 0,00292 14 14 1587796136 1587796136 1589490000> <1 16 4 1 4 2 0,00234 20 20 1587807190 1587807190 1589560397> <1 17 4 1 4 2 0,00324 20 20 1587807459 1587807459 1589560665> <1 18 4 2 4 2 0,00441 40 40 1587807508 1587807508 1589560714> <1 19 4 2 4 2 0,00443 42 42 1587807518 1587807518 1589560724> <1 40 4 2 4 1 0,00681 13 13 1587858769 1587858769 1589583176> <1 41 4 2 4 1 0,00681 13 13 1587858771 1587858771 1589583178> <1 42 4 2 4 1 0,00681 13 13 1587858774 1587858774 1589583181> <1 43 4 2 4 1 0,00681 13 13 1587858774 1587858774 1589583181> <1 44 4 2 4 1 0,00681 13 13 1587858775 1587858775 1589583181> <1 45 4 2 4 1 0,00681 13 13 1587858775 1587858775 1589583182> <1 46 4 2 4 1 0,00681 13 13 1587858775 1587858775 1589583182> <1 47 4 2 4 1 0,00681 13 13 1587858775 1587858775 1589583182> <1 48 4 2 4 1 0,00681 13 13 1587858775 1587858775 1589583182> <1 49 4 2 4 1 0,00681 13 13 1587858776 1587858776 1589583182> <1 50 4 2 4 1 0,0003 1 1 1587860518 1587860518 1589576400> <1 51 4 2 4 1 0,0003 1 1 1587860557 1587860557 1589576400> <1 52 4 2 4 1 0,0003 1 1 1587860558 1587860558 1589576400> <1 53 4 2 4 1 0,0003 1 1 1587861064 1587861064 1589576400> <1 54 4 2 4 1 0,0003 1 1 1587861070 1587861070 1589576400> <1 55 4 2 4 1 0,0003 1 1 1587861072 1587861072 1589576400> <1 56 4 2 4 1 0,00681 13 13 1587861727 1587861727 1589586133> <1 57 4 2 4 1 0,00681 13 13 1587861727 1587861727 1589586134> <1 58 4 2 4 1 0,00681 13 13 1587861727 1587861727 1589586134> <1 59 4 2 4 1 0,00681 13 13 1587861728 1587861728 1589586135> <1 60 4 2 4 1 0,00681 13 13 1587861728 1587861728 1589586135> <1 61 4 2 4 1 0,00681 13 13 1587861728 1587861728 1589586135> <1 62 4 2 4 1 0,00681 13 13 1587861728 1587861728 1589586135> <1 63 4 2 4 1 0,00681 13 13 1587861729 1587861729 1589586136> <1 64 4 2 4 1 0,00681 13 13 1587863080 1587863080 1589587487> <1 65 4 2 4 1 0,00681 13 13 1587863081 1587863081 1589587487> <1 66 4 2 4 1 0,00681 13 13 1587863081 1587863081 1589587487> <1 67 4 2 4 1 0,00681 13 13 1587863081 1587863081 1589587488> <1 68 4 2 4 1 0,00681 13 13 1587863081 1587863081 1589587488> <1 69 4 2 4 1 0,00681 13 13 1587864937 1587864937 1589589343> <1 70 4 2 4 1 0,00681 13 13 1587864937 1587864937 1589589344> <1 71 4 2 4 1 0,00681 13 13 1587865112 1587865112 1589589516> <1 72 4 2 4 1 0,00681 13 13 1587865112 1587865112 1589589516> <1 73 4 2 4 1 0,00681 13 13 1587865113 1587865113 1589589516> <1 74 4 2 4 1 0,00681 13 13 1587865113 1587865113 1589589517> <1 75 4 2 4 1 0,00681 13 13 1587865118 1587865118 1589589520> <1 76 4 2 4 1 0,00681 13 13 1587865118 1587865118 1589589520> <1 77 4 2 4 1 0,00681 13 13 1587865119 1587865119 1589589521> <1 78 4 2 4 1 0,00681 13 13 1587865120 1587865120 1589589522> <1 79 4 2 4 1 0,00681 13 13 1587865121 1587865121 1589589522> <1 80 4 2 4 1 0,00681 13 13 1587865121 1587865121 1589589522> <1 81 4 2 4 1 0,00681 13 13 1587865121 1587865121 1589589523> <1 82 4 2 4 1 0,00681 13 13 1587865121 1587865121 1589589523> <1 83 4 2 4 1 0,00681 13 13 1587865121 1587865121 1589589524> <1 84 4 2 4 1 0,00681 13 13 1587865123 1587865123 1589589526> <1 85 4 2 4 1 0,00681 13 13 1587865124 1587865124 1589589527> <1 86 4 2 4 1 0,00681 13 13 1587865124 1587865124 1589589527> <1 87 4 2 4 1 0,00681 13 13 1587865124 1587865124 1589589527> <1 88 4 2 4 1 0,00681 13 13 1587865124 1587865124 1589589528> <1 89 4 2 4 1 0,00681 13 13 1587865125 1587865125 1589589528> <1 90 4 2 4 1 0,00681 13 13 1587865152 1587865152 1589589548> <1 91 4 2 4 1 0,00681 13 13 1587865152 1587865152 1589589549> <1 92 4 2 4 1 0,00681 13 13 1587865154 1587865154 1589589550> <1 93 4 2 4 1 0,00681 13 13 1587865154 1587865154 1589589550> <1 94 4 2 4 1 0,00681 13 13 1587865154 1587865154 1589589550> <1 95 4 2 4 1 0,00681 13 13 1587865154 1587865154 1589589551> <1 96 4 2 4 1 0,00681 13 13 1587865155 1587865155 1589589551> <1 97 4 2 4 1 0,00681 13 13 1587865155 1587865155 1589589551> <1 98 4 2 4 1 0,00681 13 13 1587865155 1587865155 1589589552> <1 99 4 2 4 1 0,00681 13 13 1587865155 1587865155 1589589552> <1 100 4 2 4 1 0,00681 13 13 1587865158 1587865158 1589589553> <1 101 4 2 4 1 0,00681 13 13 1587865158 1587865158 1589589553> <1 102 4 2 4 1 0,00681 13 13 1587865158 1587865158 1589589553> <1 103 4 2 4 1 0,00681 13 13 1587865159 1587865159 1589589554> <1 104 4 2 4 1 0,00681 13 13 1587865167 1587865167 1589589573> <1 105 4 2 4 1 0,00681 13 13 1587866952 1587866952 1589591358> <1 106 4 2 4 1 0,00681 13 13 1587866954 1587866954 1589591360> <1 107 4 2 4 1 0,00681 13 13 1587866954 1587866954 1589591361> <1 108 4 2 4 1 0,00681 13 13 1587866955 1587866955 1589591361> <1 109 4 2 4 1 0,00329 2 2 1587868310 1587868310 1589576400> <1 110 4 2 4 1 0,00329 2 2 1587868378 1587868378 1589576400> <1 111 4 2 4 1 0,00329 2 2 1587868379 1587868379 1589576400> <1 112 4 2 4 1 0,00329 2 2 1587868379 1587868379 1589576400> <1 125 4 1 4 1 0,0002 2 2 1587938768 1587938768 1589663176> <1 126 4 1 4 1 0,0002 2 2 1587938792 1587938792 1589663200> <1 127 4 2 4 1 0,0002 1 1 1587939580 1587939580 1589663988>
[27.04.2020 00:41:31.106] Add procedure SendRequestLogin to queue[0]
[27.04.2020 00:41:31.128] Execute login
[27.04.2020 00:41:31.136] CheckPW U338 hoome@users.dev ****** ipa
[27.04.2020 00:41:31.207] _StartClient U338 ipagYUfFtlbhdk58p8ch3WWnaHcB0DcdK9 1 6 
[27.04.2020 00:41:31.605] Add procedure SendRequestLogin to queue[0]
[27.04.2020 00:41:31.618] Execute login
[27.04.2020 00:41:31.628] CheckPW U338 hoome@users.dev ****** ipa
[27.04.2020 00:41:31.639] Add procedure SendRequestLogin to queue[1]
[27.04.2020 00:41:31.671] Add procedure SendRequestLogin to queue[2]
[27.04.2020 00:41:31.695] _StartClient U338 ipa0q4XN99AN4lp7f4U68xlHggo5y36Ewq 1 6 
[27.04.2020 00:41:31.701] Execute login
[27.04.2020 00:41:31.705] CheckPW U338 hoome@users.dev ****** ipa
[27.04.2020 00:41:31.710] Add procedure SendRequestLogin to queue[2]
[27.04.2020 00:41:31.737] Add procedure SendRequestLogin to queue[3]
[27.04.2020 00:41:31.769] _StartClient U338 ipakAWDT2MR6DT00UX9tTrJXe749s1XFbg 1 6 
[27.04.2020 00:41:31.775] Execute login
[27.04.2020 00:41:31.781] CheckPW U338 hoome@users.dev ****** ipa
[27.04.2020 00:41:31.787] Add procedure SendRequestLogin to queue[3]
[27.04.2020 00:41:31.805] Add procedure SendRequestLogin to queue[4]
[27.04.2020 00:41:31.837] Add procedure SendRequestLogin to queue[5]
[27.04.2020 00:41:31.847] _StartClient U338 ipaSavdmXxEiASgWYMVjyPSxsw4PkiaTYf 1 6 
[27.04.2020 00:41:31.852] Execute login
[27.04.2020 00:41:31.856] CheckPW U338 hoome@users.dev ****** ipa
[27.04.2020 00:41:31.870] Add procedure SendRequestLogin to queue[5]
[27.04.2020 00:41:31.903] Add procedure SendRequestLogin to queue[6]
[27.04.2020 00:41:31.922] _StartClient U338 ipa8bVU2TJTun7rwtUPTbstLsEg5uvtBPY 1 6 
[27.04.2020 00:41:31.926] Execute login
[27.04.2020 00:41:31.931] CheckPW U338 hoome@users.dev ****** ipa
[27.04.2020 00:41:31.937] Add procedure SendRequestLogin to queue[6]
[27.04.2020 00:41:31.968] Add procedure SendRequestLogin to queue[7]
[27.04.2020 00:41:31.999] _StartClient U338 ipaEYD90WscV13cstCaVMk6txpCpMc4LuJ 1 6 
[27.04.2020 00:41:32.003] Execute login
[27.04.2020 00:41:32.010] CheckPW U338 hoome@users.dev ****** ipa
[27.04.2020 00:41:32.015] Add procedure SendRequestLogin to queue[7]
[27.04.2020 00:41:32.035] Add procedure SendRequestLogin to queue[8]
[27.04.2020 00:41:32.068] Add procedure SendRequestLogin to queue[9]
[27.04.2020 00:41:32.074] _StartClient U338 iparXq839uymDC0cpoFg8jk6lquyl0RsqS 1 6 
[27.04.2020 00:41:32.079] Execute login
[27.04.2020 00:41:32.084] CheckPW U338 hoome@users.dev ****** ipa
[27.04.2020 00:41:32.101] Add procedure SendRequestLogin to queue[9]
[27.04.2020 00:41:32.134] Add procedure SendRequestLogin to queue[10]
[27.04.2020 00:41:32.141] _StartClient U338 ipagsd4UMsJriuxwKndYdUFW26eMDk2FFw 1 6 
[27.04.2020 00:41:32.146] Execute login
[27.04.2020 00:41:32.152] CheckPW U338 hoome@users.dev ****** ipa
[27.04.2020 00:41:32.166] Add procedure SendRequestLogin to queue[10]
[27.04.2020 00:41:32.206] _StartClient U338 ipaFsn0ryBb1xt0qPXq1PRDSdw6KpJLXBe 1 6 
[27.04.2020 00:41:32.233] Add procedure SendRequestLogin to queue[0]
[27.04.2020 00:41:32.239] Execute login
[27.04.2020 00:41:32.246] CheckPW U338 hoome@users.dev ****** ipa
[27.04.2020 00:41:32.266] Add procedure SendRequestLogin to queue[1]
[27.04.2020 00:41:32.298] Add procedure SendRequestLogin to queue[2]
[27.04.2020 00:41:32.304] _StartClient U338 ipa2YTALmX5c9b2drMgY0UiVXhJqejjoxl 1 6 
[27.04.2020 00:41:32.310] Execute login
[27.04.2020 00:41:32.316] CheckPW U338 hoome@users.dev ****** ipa
[27.04.2020 00:41:32.332] Add procedure SendRequestLogin to queue[2]
[27.04.2020 00:41:32.365] Add procedure SendRequestLogin to queue[3]
[27.04.2020 00:41:32.388] _StartClient U338 ipa5fvap42bXo8LWA95mTMMK0X0Xudsfg3 1 6 
[27.04.2020 00:41:32.393] Execute login
[27.04.2020 00:41:32.399] CheckPW U338 hoome@users.dev ****** ipa
[27.04.2020 00:41:32.404] Add procedure SendRequestLogin to queue[3]
[27.04.2020 00:41:32.430] Add procedure SendRequestLogin to queue[4]
[27.04.2020 00:41:32.448] _StartClient U338 ipaytiFJoWWMxkqSVW4xSBpcTS2b3Xme6o 1 6 
[27.04.2020 00:41:32.453] Execute login
[27.04.2020 00:41:32.459] CheckPW U338 hoome@users.dev ****** ipa
[27.04.2020 00:41:32.503] _StartClient U338 ipaMnxEb4kxv4Fhji9vFuvpHvkWcNglCy6 1 6 
[27.04.2020 00:41:32.511] Execute login
[27.04.2020 00:41:32.519] CheckPW U338 hoome@users.dev ****** ipa
[27.04.2020 00:41:32.564] _StartClient U338 ipaci1sKe3NefX6UdPS5Yv3HR12hF1y7PN 1 6 
[27.04.2020 00:41:32.574] Execute login
[27.04.2020 00:41:32.582] CheckPW U338 hoome@users.dev ****** ipa
[27.04.2020 00:41:32.627] _StartClient U338 ipa6mgH4RYoAp1cfs6dKH9eU5BptgA97Aa 1 6 
[27.04.2020 00:41:32.635] Execute login
[27.04.2020 00:41:32.643] CheckPW U338 hoome@users.dev ****** ipa
[27.04.2020 00:41:32.687] _StartClient U338 ipavd8hMc4Fsrk1u1KArfCcoMnVH304DA0 1 6 
[27.04.2020 04:27:15.220] Add procedure SendRequestLogin to queue[0]
[27.04.2020 04:27:15.227] Execute login
[27.04.2020 04:27:15.233] connecting... to 185.27.192.156:8765
[27.04.2020 04:27:15.395] client connected
[27.04.2020 04:27:15.455] c2 U341 *
[27.04.2020 04:27:15.469] CheckPW U341 hoome@users.dev ****** ipa
[27.04.2020 04:27:15.600] _StartClient U341 ipaymPN25R6aPbNFrUrx5b4ps9XRmPBDjr 1 6 
[27.04.2020 04:27:44.372] Add procedure SendRequestLogin to queue[0]
[27.04.2020 04:27:44.379] Execute login
[27.04.2020 04:27:44.386] connecting... to localhost:8765
[27.04.2020 04:27:44.509] client connected
[27.04.2020 04:27:44.516] c2 U1 *
[27.04.2020 04:27:44.522] CheckPW U1 hoome@users.dev ****** ipa
[27.04.2020 04:27:44.528] _StartClient U1 *
[27.04.2020 04:27:54.835] GeyAccountBalance U1 
[27.04.2020 04:27:54.842] 0:unknown response
[27.04.2020 04:27:54.847] error:unknown response
[27.04.2020 04:28:01.716] GetAccountBalance U1 
[27.04.2020 04:28:01.722] _GetAccountBalance U1 * 100.00 0.00
[27.04.2020 04:28:38.703] Add procedure SendRequestLogin to queue[0]
[27.04.2020 04:28:38.709] Execute login
[27.04.2020 04:28:38.715] connecting... to localhost:8765
[27.04.2020 04:28:38.851] client connected
[27.04.2020 04:28:38.858] c2 U2 *
[27.04.2020 04:28:38.864] CheckPW U2 hoome@users.dev ****** ipa
[27.04.2020 04:28:38.871] _StartClient U2 *
[27.04.2020 04:28:43.778] GetAccountBalance U2 
[27.04.2020 04:28:43.786] _GetAccountBalance U2 * 100.00 100.00
[27.04.2020 04:28:54.076] Add procedure SendRequestLogin to queue[0]
[27.04.2020 04:28:54.083] Execute login
[27.04.2020 04:28:54.089] connecting... to localhost:8765
[27.04.2020 04:28:54.214] client connected
[27.04.2020 04:28:54.222] c2 U3 *
[27.04.2020 04:28:54.228] CheckPW U3 hoome@users.dev ****** ipa
[27.04.2020 04:28:54.235] _StartClient U3 *
[27.04.2020 04:28:55.810] GetAccountBalance U3 
[27.04.2020 04:28:55.819] _GetAccountBalance U3 * 100.00 76.00
[27.04.2020 04:28:57.658] GetAccountBalance U3 
[27.04.2020 04:28:57.664] _GetAccountBalance U3 * 100.00 76.00
[27.04.2020 04:28:58.099] GetAccountBalance U3 
[27.04.2020 04:28:58.106] _GetAccountBalance U3 * 100.00 76.00
[27.04.2020 04:29:15.131] connection closed
